<?xml version="1.0" encoding="UTF-8"?>
<testsuite name="test.java.TalkBox.SoundTest" tests="1" skipped="0" failures="0" errors="0" timestamp="2019-03-11T16:06:19" hostname="DESKTOP-G0K5R3L" time="0.013">
  <properties/>
  <testcase name="test()" classname="test.java.TalkBox.SoundTest" time="0.013"/>
  <system-out><![CDATA[]]></system-out>
  <system-err><![CDATA[]]></system-err>
</testsuite>
